app/build/outputs/logs/manifest-merger-debug-report.txt
-- Merging decision tree log ---
manifest
ADDED from src\main\AndroidManifest.xml:2:1-340:12
INJECTED from src\main\AndroidManifest.xml:2:1-340:12
INJECTED from src\main\AndroidManifest.xml:2:1-340:12
INJECTED from src\main\AndroidManifest.xml:2:1-340:12
MERGED from [com.android.support:design:24.2.1] AndroidManifest.xml:17:1-24:12
MERGED from [com.android.support:appcompat-v7:24.2.1] AndroidManifest.xml:17:1-27:12
MERGED from [org.xutils:xutils:3.5.0] AndroidManifest.xml:2:1-14:12
MERGED from [com.android.support:support-v4:24.2.1] AndroidManifest.xml:17:1-27:12
MERGED from [com.android.support:animated-vector-drawable:24.2.1] AndroidManifest.xml:17:1-24:12
MERGED from [com.android.support:support-vector-drawable:24.2.1] AndroidManifest.xml:17:1-25:12
MERGED from [com.android.support:recyclerview-v7:24.2.1] AndroidManifest.xml:17:1-22:12
MERGED from [com.android.support:support-fragment:24.2.1] AndroidManifest.xml:17:1-27:12
MERGED from [com.android.support:support-media-compat:24.2.1] AndroidManifest.xml:17:1-27:12
MERGED from [com.android.support:support-core-utils:24.2.1] AndroidManifest.xml:17:1-27:12
MERGED from [com.android.support:support-core-ui:24.2.1] AndroidManifest.xml:17:1-27:12
MERGED from [com.android.support:support-compat:24.2.1] AndroidManifest.xml:17:1-27:12
INJECTED from src\main\AndroidManifest.xml:2:1-340:12
INJECTED from src\main\AndroidManifest.xml:2:1-340:12
INJECTED from src\main\AndroidManifest.xml:2:1-340:12
	package
		ADDED from src\main\AndroidManifest.xml:3:5-27
		INJECTED from src\main\AndroidManifest.xml
		INJECTED from src\main\AndroidManifest.xml
	android:versionName
		INJECTED from src\main\AndroidManifest.xml
		ADDED from src\main\AndroidManifest.xml:2:1-340:12
		INJECTED from src\main\AndroidManifest.xml
	android:versionCode
		INJECTED from src\main\AndroidManifest.xml
		ADDED from src\main\AndroidManifest.xml:2:1-340:12
		INJECTED from src\main\AndroidManifest.xml
	xmlns:android
		ADDED from src\main\AndroidManifest.xml:2:11-69
uses-sdk
ADDED from src\main\AndroidManifest.xml:5:5-7:41
INJECTED from src\main\AndroidManifest.xml:5:5-7:41
INJECTED from src\main\AndroidManifest.xml:5:5-7:41
MERGED from [com.android.support:design:24.2.1] AndroidManifest.xml:20:5-43
MERGED from [com.android.support:design:24.2.1] AndroidManifest.xml:20:5-43
MERGED from [com.android.support:appcompat-v7:24.2.1] AndroidManifest.xml:21:5-23:78
MERGED from [com.android.support:appcompat-v7:24.2.1] AndroidManifest.xml:21:5-23:78
MERGED from [org.xutils:xutils:3.5.0] AndroidManifest.xml:8:5-10:41
MERGED from [org.xutils:xutils:3.5.0] AndroidManifest.xml:8:5-10:41
MERGED from [com.android.support:support-v4:24.2.1] AndroidManifest.xml:21:5-23:54
MERGED from [com.android.support:support-v4:24.2.1] AndroidManifest.xml:21:5-23:54
MERGED from [com.android.support:animated-vector-drawable:24.2.1] AndroidManifest.xml:20:5-44
MERGED from [com.android.support:animated-vector-drawable:24.2.1] AndroidManifest.xml:20:5-44
MERGED from [com.android.support:support-vector-drawable:24.2.1] AndroidManifest.xml:21:5-43
MERGED from [com.android.support:support-vector-drawable:24.2.1] AndroidManifest.xml:21:5-43
MERGED from [com.android.support:recyclerview-v7:24.2.1] AndroidManifest.xml:20:5-43
MERGED from [com.android.support:recyclerview-v7:24.2.1] AndroidManifest.xml:20:5-43
MERGED from [com.android.support:support-fragment:24.2.1] AndroidManifest.xml:21:5-23:60
MERGED from [com.android.support:support-fragment:24.2.1] AndroidManifest.xml:21:5-23:60
MERGED from [com.android.support:support-media-compat:24.2.1] AndroidManifest.xml:21:5-23:63
MERGED from [com.android.support:support-media-compat:24.2.1] AndroidManifest.xml:21:5-23:63
MERGED from [com.android.support:support-core-utils:24.2.1] AndroidManifest.xml:21:5-23:61
MERGED from [com.android.support:support-core-utils:24.2.1] AndroidManifest.xml:21:5-23:61
MERGED from [com.android.support:support-core-ui:24.2.1] AndroidManifest.xml:21:5-23:58
MERGED from [com.android.support:support-core-ui:24.2.1] AndroidManifest.xml:21:5-23:58
MERGED from [com.android.support:support-compat:24.2.1] AndroidManifest.xml:21:5-23:58
MERGED from [com.android.support:support-compat:24.2.1] AndroidManifest.xml:21:5-23:58
INJECTED from src\main\AndroidManifest.xml:5:5-7:41
INJECTED from src\main\AndroidManifest.xml:5:5-7:41
	tools:overrideLibrary
		ADDED from [com.android.support:appcompat-v7:24.2.1] AndroidManifest.xml:23:9-75
	android:targetSdkVersion
		ADDED from src\main\AndroidManifest.xml:7:9-38
		INJECTED from src\main\AndroidManifest.xml
		INJECTED from src\main\AndroidManifest.xml
	android:minSdkVersion
		ADDED from src\main\AndroidManifest.xml:6:9-34
		INJECTED from src\main\AndroidManifest.xml
		INJECTED from src\main\AndroidManifest.xml
uses-permission#android.permission.VIBRATE
ADDED from src\main\AndroidManifest.xml:10:5-66
	android:name
		ADDED from src\main\AndroidManifest.xml:10:22-63
uses-permission#android.permission.INTERNET
ADDED from src\main\AndroidManifest.xml:11:5-67
	android:name
		ADDED from src\main\AndroidManifest.xml:11:22-64
uses-permission#android.permission.ACCESS_NETWORK_STATE
ADDED from src\main\AndroidManifest.xml:12:5-79
	android:name
		ADDED from src\main\AndroidManifest.xml:12:22-76
uses-permission#android.permission.WRITE_EXTERNAL_STORAGE
ADDED from src\main\AndroidManifest.xml:13:5-81
	android:name
		ADDED from src\main\AndroidManifest.xml:13:22-78
uses-permission#android.permission.CALL_PHONE
ADDED from src\main\AndroidManifest.xml:14:5-69
	android:name
		ADDED from src\main\AndroidManifest.xml:14:22-66
uses-permission#android.permission.GET_TASKS
ADDED from src\main\AndroidManifest.xml:15:5-68
	android:name
		ADDED from src\main\AndroidManifest.xml:15:22-65
uses-permission#android.permission.ACCESS_WIFI_STATE
ADDED from src\main\AndroidManifest.xml:16:5-76
	android:name
		ADDED from src\main\AndroidManifest.xml:16:22-73
uses-permission#android.permission.CHANGE_WIFI_STATE
ADDED from src\main\AndroidManifest.xml:17:5-76
	android:name
		ADDED from src\main\AndroidManifest.xml:17:22-73
uses-permission#android.permission.WAKE_LOCK
ADDED from src\main\AndroidManifest.xml:18:5-68
	android:name
		ADDED from src\main\AndroidManifest.xml:18:22-65
uses-permission#android.permission.MODIFY_AUDIO_SETTINGS
ADDED from src\main\AndroidManifest.xml:19:5-80
	android:name
		ADDED from src\main\AndroidManifest.xml:19:22-77
uses-permission#android.permission.READ_PHONE_STATE
ADDED from src\main\AndroidManifest.xml:20:5-75
	android:name
		ADDED from src\main\AndroidManifest.xml:20:22-72
uses-permission#android.permission.RECORD_AUDIO
ADDED from src\main\AndroidManifest.xml:21:5-71
	android:name
		ADDED from src\main\AndroidManifest.xml:21:22-68
uses-permission#android.permission.CAMERA
ADDED from src\main\AndroidManifest.xml:22:5-65
	android:name
		ADDED from src\main\AndroidManifest.xml:22:22-62
uses-permission#android.permission.MOUNT_UNMOUNT_FILESYSTEMS
ADDED from src\main\AndroidManifest.xml:23:5-84
	android:name
		ADDED from src\main\AndroidManifest.xml:23:22-81
uses-permission#android.permission.RECEIVE_BOOT_COMPLETED
ADDED from src\main\AndroidManifest.xml:30:5-81
	android:name
		ADDED from src\main\AndroidManifest.xml:30:22-78
uses-permission#android.permission.RESTART_PACKAGES
ADDED from src\main\AndroidManifest.xml:31:5-75
	android:name
		ADDED from src\main\AndroidManifest.xml:31:22-72
uses-permission#android.permission.BROADCAST_STICKY
ADDED from src\main\AndroidManifest.xml:32:5-75
	android:name
		ADDED from src\main\AndroidManifest.xml:32:22-72
uses-permission#android.permission.WRITE_SETTINGS
ADDED from src\main\AndroidManifest.xml:33:5-73
	android:name
		ADDED from src\main\AndroidManifest.xml:33:22-70
uses-permission#android.permission.RECEIVE_USER_PRESENT
ADDED from src\main\AndroidManifest.xml:34:5-79
	android:name
		ADDED from src\main\AndroidManifest.xml:34:22-76
uses-permission#android.permission.KILL_BACKGROUND_PROCESSES
ADDED from src\main\AndroidManifest.xml:37:5-84
	android:name
		ADDED from src\main\AndroidManifest.xml:37:22-81
uses-permission#android.permission.READ_LOGS
ADDED from src\main\AndroidManifest.xml:39:5-68
	android:name
		ADDED from src\main\AndroidManifest.xml:39:22-65
uses-permission#android.permission.BLUETOOTH
ADDED from src\main\AndroidManifest.xml:42:5-68
	android:name
		ADDED from src\main\AndroidManifest.xml:42:22-65
uses-permission#android.permission.BATTERY_STATS
ADDED from src\main\AndroidManifest.xml:43:5-72
	android:name
		ADDED from src\main\AndroidManifest.xml:43:22-69
uses-permission#android.permission.READ_EXTERNAL_STORAGE
ADDED from src\main\AndroidManifest.xml:45:5-80
	android:name
		ADDED from src\main\AndroidManifest.xml:45:22-77
application
ADDED from src\main\AndroidManifest.xml:48:5-338:19
MERGED from [com.android.support:design:24.2.1] AndroidManifest.xml:22:5-20
MERGED from [com.android.support:design:24.2.1] AndroidManifest.xml:22:5-20
MERGED from [com.android.support:appcompat-v7:24.2.1] AndroidManifest.xml:25:5-20
MERGED from [com.android.support:appcompat-v7:24.2.1] AndroidManifest.xml:25:5-20
MERGED from [org.xutils:xutils:3.5.0] AndroidManifest.xml:12:5-20
MERGED from [org.xutils:xutils:3.5.0] AndroidManifest.xml:12:5-20
MERGED from [com.android.support:support-v4:24.2.1] AndroidManifest.xml:25:5-20
MERGED from [com.android.support:support-v4:24.2.1] AndroidManifest.xml:25:5-20
MERGED from [com.android.support:animated-vector-drawable:24.2.1] AndroidManifest.xml:22:5-20
MERGED from [com.android.support:animated-vector-drawable:24.2.1] AndroidManifest.xml:22:5-20
MERGED from [com.android.support:support-vector-drawable:24.2.1] AndroidManifest.xml:23:5-20
MERGED from [com.android.support:support-vector-drawable:24.2.1] AndroidManifest.xml:23:5-20
MERGED from [com.android.support:support-fragment:24.2.1] AndroidManifest.xml:25:5-20
MERGED from [com.android.support:support-fragment:24.2.1] AndroidManifest.xml:25:5-20
MERGED from [com.android.support:support-media-compat:24.2.1] AndroidManifest.xml:25:5-20
MERGED from [com.android.support:support-media-compat:24.2.1] AndroidManifest.xml:25:5-20
MERGED from [com.android.support:support-core-utils:24.2.1] AndroidManifest.xml:25:5-20
MERGED from [com.android.support:support-core-utils:24.2.1] AndroidManifest.xml:25:5-20
MERGED from [com.android.support:support-core-ui:24.2.1] AndroidManifest.xml:25:5-20
MERGED from [com.android.support:support-core-ui:24.2.1] AndroidManifest.xml:25:5-20
MERGED from [com.android.support:support-compat:24.2.1] AndroidManifest.xml:25:5-20
MERGED from [com.android.support:support-compat:24.2.1] AndroidManifest.xml:25:5-20
	android:label
		ADDED from src\main\AndroidManifest.xml:53:9-41
	android:persistent
		ADDED from src\main\AndroidManifest.xml:54:9-34
	android:installLocation
		ADDED from src\main\AndroidManifest.xml:52:9-49
	android:icon
		ADDED from src\main\AndroidManifest.xml:51:9-38
	android:allowBackup
		ADDED from src\main\AndroidManifest.xml:50:9-35
	android:theme
		ADDED from src\main\AndroidManifest.xml:55:9-68
	android:name
		ADDED from src\main\AndroidManifest.xml:49:9-62
activity#com.dssm.esc.view.activity.MainActivity
ADDED from src\main\AndroidManifest.xml:58:9-62:67
	android:screenOrientation
		ADDED from src\main\AndroidManifest.xml:61:13-49
	android:launchMode
		ADDED from src\main\AndroidManifest.xml:60:13-44
	android:windowSoftInputMode
		ADDED from src\main\AndroidManifest.xml:62:13-64
	android:name
		ADDED from src\main\AndroidManifest.xml:59:13-55
activity#com.dssm.esc.view.activity.IntroductionActivity
ADDED from src\main\AndroidManifest.xml:63:9-72
	android:name
		ADDED from src\main\AndroidManifest.xml:63:19-69
activity#com.dssm.esc.view.activity.DismissValuationActivity
ADDED from src\main\AndroidManifest.xml:64:9-76
	android:name
		ADDED from src\main\AndroidManifest.xml:64:19-73
activity#com.dssm.esc.view.activity.AddeValuationActivity
ADDED from src\main\AndroidManifest.xml:65:9-67:83
	android:windowSoftInputMode
		ADDED from src\main\AndroidManifest.xml:67:13-80
	android:name
		ADDED from src\main\AndroidManifest.xml:66:13-64
activity#com.dssm.esc.view.activity.EmergencyTypeActivity
ADDED from src\main\AndroidManifest.xml:68:9-73
	android:name
		ADDED from src\main\AndroidManifest.xml:68:19-70
activity#com.dssm.esc.view.activity.PlanNameActivity
ADDED from src\main\AndroidManifest.xml:69:9-68
	android:name
		ADDED from src\main\AndroidManifest.xml:69:19-65
activity#com.dssm.esc.view.activity.DrillSelectActivity
ADDED from src\main\AndroidManifest.xml:70:9-71
	android:name
		ADDED from src\main\AndroidManifest.xml:70:19-68
activity#com.dssm.esc.view.activity.PlanStarActivity
ADDED from src\main\AndroidManifest.xml:71:9-68
	android:name
		ADDED from src\main\AndroidManifest.xml:71:19-65
activity#com.dssm.esc.view.activity.PlanStarDetailActivity
ADDED from src\main\AndroidManifest.xml:72:9-74
	android:name
		ADDED from src\main\AndroidManifest.xml:72:19-71
activity#com.dssm.esc.view.activity.AutorizationDecisionActivity
ADDED from src\main\AndroidManifest.xml:73:9-80
	android:name
		ADDED from src\main\AndroidManifest.xml:73:19-77
activity#com.dssm.esc.view.activity.AutorizateDecDetailActivity
ADDED from src\main\AndroidManifest.xml:74:9-79
	android:name
		ADDED from src\main\AndroidManifest.xml:74:19-76
activity#com.dssm.esc.view.activity.SignInActivity
ADDED from src\main\AndroidManifest.xml:75:9-66
	android:name
		ADDED from src\main\AndroidManifest.xml:75:19-63
activity#com.dssm.esc.view.activity.PersonnelAssignmentActivity
ADDED from src\main\AndroidManifest.xml:76:9-79
	android:name
		ADDED from src\main\AndroidManifest.xml:76:19-76
activity#com.dssm.esc.view.activity.AssignmentActivity
ADDED from src\main\AndroidManifest.xml:77:9-70
	android:name
		ADDED from src\main\AndroidManifest.xml:77:19-67
activity#com.dssm.esc.view.activity.PlanExecutionActivity
ADDED from src\main\AndroidManifest.xml:78:9-73
	android:name
		ADDED from src\main\AndroidManifest.xml:78:19-70
activity#com.dssm.esc.view.activity.PlanExecutionDetailActivity
ADDED from src\main\AndroidManifest.xml:79:9-79
	android:name
		ADDED from src\main\AndroidManifest.xml:79:19-76
activity#com.dssm.esc.view.activity.SubmitInfomationActivity
ADDED from src\main\AndroidManifest.xml:80:9-76
	android:name
		ADDED from src\main\AndroidManifest.xml:80:19-73
activity#com.dssm.esc.view.activity.OperationMenuActivity
ADDED from src\main\AndroidManifest.xml:81:9-73
	android:name
		ADDED from src\main\AndroidManifest.xml:81:19-70
activity#com.dssm.esc.view.activity.CollaborativeCircularActivity
ADDED from src\main\AndroidManifest.xml:82:9-81
	android:name
		ADDED from src\main\AndroidManifest.xml:82:19-78
activity#com.dssm.esc.view.activity.RecieveListActivity
ADDED from src\main\AndroidManifest.xml:83:9-71
	android:name
		ADDED from src\main\AndroidManifest.xml:83:19-68
activity#com.dssm.esc.view.activity.AddRecievePeoPleActivity
ADDED from src\main\AndroidManifest.xml:84:9-76
	android:name
		ADDED from src\main\AndroidManifest.xml:84:19-73
activity#com.dssm.esc.view.activity.EventProcessActivity
ADDED from src\main\AndroidManifest.xml:85:9-72
	android:name
		ADDED from src\main\AndroidManifest.xml:85:19-69
activity#com.dssm.esc.view.activity.EventProcessDetailActivity
ADDED from src\main\AndroidManifest.xml:86:9-78
	android:name
		ADDED from src\main\AndroidManifest.xml:86:19-75
activity#com.dssm.esc.view.activity.ControlActivity
ADDED from src\main\AndroidManifest.xml:87:9-67
	android:name
		ADDED from src\main\AndroidManifest.xml:87:19-64
activity#com.dssm.esc.view.activity.GroupSigninDetail
ADDED from src\main\AndroidManifest.xml:88:9-69
	android:name
		ADDED from src\main\AndroidManifest.xml:88:19-66
activity#com.dssm.esc.view.activity.SendCollaborativeActivity
ADDED from src\main\AndroidManifest.xml:89:9-77
	android:name
		ADDED from src\main\AndroidManifest.xml:89:19-74
activity#com.dssm.esc.view.activity.PlanSuspandDetilActivity
ADDED from src\main\AndroidManifest.xml:90:9-92:83
	android:windowSoftInputMode
		ADDED from src\main\AndroidManifest.xml:92:13-80
	android:name
		ADDED from src\main\AndroidManifest.xml:91:13-67
activity#com.dssm.esc.view.activity.SendMeassageActivity
ADDED from src\main\AndroidManifest.xml:93:9-72
	android:name
		ADDED from src\main\AndroidManifest.xml:93:19-69
activity#com.dssm.esc.view.activity.PermissionsActivity
ADDED from src\main\AndroidManifest.xml:94:9-96:70
	android:theme
		ADDED from src\main\AndroidManifest.xml:96:13-68
	android:name
		ADDED from src\main\AndroidManifest.xml:95:13-62
activity#com.easemob.chatuidemo.activity.SplashActivity
ADDED from src\main\AndroidManifest.xml:111:9-121:20
	android:screenOrientation
		ADDED from src\main\AndroidManifest.xml:113:13-49
	android:noHistory
		ADDED from src\main\AndroidManifest.xml:114:13-37
	android:theme
		ADDED from src\main\AndroidManifest.xml:115:13-83
	android:name
		ADDED from src\main\AndroidManifest.xml:112:13-74
intent-filter#android.intent.action.MAIN+android.intent.category.LAUNCHER
ADDED from src\main\AndroidManifest.xml:116:13-120:29
action#android.intent.action.MAIN
ADDED from src\main\AndroidManifest.xml:117:17-69
	android:name
		ADDED from src\main\AndroidManifest.xml:117:25-66
category#android.intent.category.LAUNCHER
ADDED from src\main\AndroidManifest.xml:119:17-77
	android:name
		ADDED from src\main\AndroidManifest.xml:119:27-74
activity#com.easemob.chatuidemo.activity.LoginActivity
ADDED from src\main\AndroidManifest.xml:125:9-130:80
	android:screenOrientation
		ADDED from src\main\AndroidManifest.xml:127:13-49
	android:launchMode
		ADDED from src\main\AndroidManifest.xml:129:13-43
	android:windowSoftInputMode
		ADDED from src\main\AndroidManifest.xml:130:13-68
	android:theme
		ADDED from src\main\AndroidManifest.xml:128:13-52
	android:name
		ADDED from src\main\AndroidManifest.xml:126:13-73
activity#com.easemob.chatuidemo.activity.RegisterActivity
ADDED from src\main\AndroidManifest.xml:133:9-137:80
	android:screenOrientation
		ADDED from src\main\AndroidManifest.xml:135:13-49
	android:windowSoftInputMode
		ADDED from src\main\AndroidManifest.xml:137:13-68
	android:theme
		ADDED from src\main\AndroidManifest.xml:136:13-52
	android:name
		ADDED from src\main\AndroidManifest.xml:134:13-76
activity#com.easemob.chatuidemo.activity.ChatActivity
ADDED from src\main\AndroidManifest.xml:139:9-144:67
	android:screenOrientation
		ADDED from src\main\AndroidManifest.xml:142:13-49
	android:launchMode
		ADDED from src\main\AndroidManifest.xml:141:13-43
	android:windowSoftInputMode
		ADDED from src\main\AndroidManifest.xml:144:13-55
	android:theme
		ADDED from src\main\AndroidManifest.xml:143:13-52
	android:name
		ADDED from src\main\AndroidManifest.xml:140:13-72
activity#com.easemob.chatuidemo.activity.ContextMenu
ADDED from src\main\AndroidManifest.xml:147:9-150:61
	android:screenOrientation
		ADDED from src\main\AndroidManifest.xml:149:13-49
	android:theme
		ADDED from src\main\AndroidManifest.xml:150:13-49
	android:name
		ADDED from src\main\AndroidManifest.xml:148:13-71
activity#com.easemob.chatuidemo.activity.AlertDialog
ADDED from src\main\AndroidManifest.xml:152:9-155:61
	android:screenOrientation
		ADDED from src\main\AndroidManifest.xml:154:13-49
	android:theme
		ADDED from src\main\AndroidManifest.xml:155:13-49
	android:name
		ADDED from src\main\AndroidManifest.xml:153:13-71
activity#com.easemob.chatuidemo.activity.EditActivity
ADDED from src\main\AndroidManifest.xml:156:9-160:67
	android:screenOrientation
		ADDED from src\main\AndroidManifest.xml:158:13-49
	android:windowSoftInputMode
		ADDED from src\main\AndroidManifest.xml:160:13-55
	android:theme
		ADDED from src\main\AndroidManifest.xml:159:13-52
	android:name
		ADDED from src\main\AndroidManifest.xml:157:13-72
activity#com.easemob.chatuidemo.activity.DiagnoseActivity
ADDED from src\main\AndroidManifest.xml:163:9-167:72
	android:screenOrientation
		ADDED from src\main\AndroidManifest.xml:165:13-49
	android:windowSoftInputMode
		ADDED from src\main\AndroidManifest.xml:167:13-60
	android:theme
		ADDED from src\main\AndroidManifest.xml:166:13-52
	android:name
		ADDED from src\main\AndroidManifest.xml:164:13-76
activity#com.easemob.chatuidemo.activity.OfflinePushNickActivity
ADDED from src\main\AndroidManifest.xml:170:9-174:72
	android:screenOrientation
		ADDED from src\main\AndroidManifest.xml:172:13-49
	android:windowSoftInputMode
		ADDED from src\main\AndroidManifest.xml:174:13-60
	android:theme
		ADDED from src\main\AndroidManifest.xml:173:13-52
	android:name
		ADDED from src\main\AndroidManifest.xml:171:13-83
meta-data#EASEMOB_APPKEY
ADDED from src\main\AndroidManifest.xml:185:9-187:44
	android:value
		ADDED from src\main\AndroidManifest.xml:187:13-41
	android:name
		ADDED from src\main\AndroidManifest.xml:186:13-42
service#com.easemob.chat.EMChatService
ADDED from src\main\AndroidManifest.xml:189:9-66
	android:name
		ADDED from src\main\AndroidManifest.xml:189:18-63
receiver#com.easemob.chat.EMMonitorReceiver
ADDED from src\main\AndroidManifest.xml:192:9-202:20
	android:name
		ADDED from src\main\AndroidManifest.xml:192:19-68
intent-filter#android.intent.action.PACKAGE_REMOVED
ADDED from src\main\AndroidManifest.xml:193:13-197:29
action#android.intent.action.PACKAGE_REMOVED
ADDED from src\main\AndroidManifest.xml:194:17-80
	android:name
		ADDED from src\main\AndroidManifest.xml:194:25-77
data
ADDED from src\main\AndroidManifest.xml:196:17-50
	android:scheme
		ADDED from src\main\AndroidManifest.xml:196:23-47
intent-filter#android.intent.action.BOOT_COMPLETED+android.intent.action.USER_PRESENT
ADDED from src\main\AndroidManifest.xml:198:13-201:29
action#android.intent.action.BOOT_COMPLETED
ADDED from src\main\AndroidManifest.xml:199:17-79
	android:name
		ADDED from src\main\AndroidManifest.xml:199:25-76
action#android.intent.action.USER_PRESENT
ADDED from src\main\AndroidManifest.xml:200:17-77
	android:name
		ADDED from src\main\AndroidManifest.xml:200:25-74
meta-data#com.baidu.lbsapi.API_KEY
ADDED from src\main\AndroidManifest.xml:204:9-206:56
	android:value
		ADDED from src\main\AndroidManifest.xml:206:13-53
	android:name
		ADDED from src\main\AndroidManifest.xml:205:13-52
receiver#com.tencent.android.tpush.XGPushReceiver
ADDED from src\main\AndroidManifest.xml:221:9-249:20
	android:process
		ADDED from src\main\AndroidManifest.xml:223:13-45
	android:name
		ADDED from src\main\AndroidManifest.xml:222:13-68
intent-filter#android.bluetooth.adapter.action.STATE_CHANGED+android.intent.action.ACTION_POWER_CONNECTED+android.intent.action.ACTION_POWER_DISCONNECTED+android.intent.action.USER_PRESENT+android.net.conn.CONNECTIVITY_CHANGE+com.tencent.android.tpush.action.INTERNAL_PUSH_MESSAGE+com.tencent.android.tpush.action.SDK
ADDED from src\main\AndroidManifest.xml:224:9-239:25
	android:priority
		ADDED from src\main\AndroidManifest.xml:224:24-53
action#com.tencent.android.tpush.action.SDK
ADDED from src\main\AndroidManifest.xml:227:13-75
	android:name
		ADDED from src\main\AndroidManifest.xml:227:21-72
action#com.tencent.android.tpush.action.INTERNAL_PUSH_MESSAGE
ADDED from src\main\AndroidManifest.xml:228:13-93
	android:name
		ADDED from src\main\AndroidManifest.xml:228:21-90
action#android.net.conn.CONNECTIVITY_CHANGE
ADDED from src\main\AndroidManifest.xml:230:13-75
	android:name
		ADDED from src\main\AndroidManifest.xml:230:21-72
action#android.bluetooth.adapter.action.STATE_CHANGED
ADDED from src\main\AndroidManifest.xml:236:13-85
	android:name
		ADDED from src\main\AndroidManifest.xml:236:21-82
action#android.intent.action.ACTION_POWER_CONNECTED
ADDED from src\main\AndroidManifest.xml:237:13-83
	android:name
		ADDED from src\main\AndroidManifest.xml:237:21-80
action#android.intent.action.ACTION_POWER_DISCONNECTED
ADDED from src\main\AndroidManifest.xml:238:13-86
	android:name
		ADDED from src\main\AndroidManifest.xml:238:21-83
intent-filter#android.intent.action.MEDIA_CHECKING+android.intent.action.MEDIA_EJECT+android.intent.action.MEDIA_REMOVED+android.intent.action.MEDIA_UNMOUNTED
ADDED from src\main\AndroidManifest.xml:241:9-248:25
	android:priority
		ADDED from src\main\AndroidManifest.xml:241:24-53
action#android.intent.action.MEDIA_UNMOUNTED
ADDED from src\main\AndroidManifest.xml:242:13-76
	android:name
		ADDED from src\main\AndroidManifest.xml:242:21-73
action#android.intent.action.MEDIA_REMOVED
ADDED from src\main\AndroidManifest.xml:243:13-74
	android:name
		ADDED from src\main\AndroidManifest.xml:243:21-71
action#android.intent.action.MEDIA_CHECKING
ADDED from src\main\AndroidManifest.xml:244:13-75
	android:name
		ADDED from src\main\AndroidManifest.xml:244:21-72
action#android.intent.action.MEDIA_EJECT
ADDED from src\main\AndroidManifest.xml:245:13-72
	android:name
		ADDED from src\main\AndroidManifest.xml:245:21-69
activity#com.tencent.android.tpush.XGPushActivity
ADDED from src\main\AndroidManifest.xml:252:9-261:20
	android:exported
		ADDED from src\main\AndroidManifest.xml:255:13-36
	android:theme
		ADDED from src\main\AndroidManifest.xml:254:13-61
	android:name
		ADDED from src\main\AndroidManifest.xml:253:13-68
intent-filter#android.intent.action
ADDED from src\main\AndroidManifest.xml:256:13-260:29
action#android.intent.action
ADDED from src\main\AndroidManifest.xml:259:17-64
	android:name
		ADDED from src\main\AndroidManifest.xml:259:25-61
service#com.tencent.android.tpush.service.XGPushServiceV3
ADDED from src\main\AndroidManifest.xml:280:9-284:48
	android:process
		ADDED from src\main\AndroidManifest.xml:284:13-45
	android:exported
		ADDED from src\main\AndroidManifest.xml:282:13-36
	android:persistent
		ADDED from src\main\AndroidManifest.xml:283:13-38
	android:name
		ADDED from src\main\AndroidManifest.xml:281:13-77
service#com.tencent.android.tpush.service.XGDaemonService
ADDED from src\main\AndroidManifest.xml:287:9-289:48
	android:process
		ADDED from src\main\AndroidManifest.xml:289:13-45
	android:name
		ADDED from src\main\AndroidManifest.xml:288:13-77
receiver#com.dssm.esc.util.receiver.MessageReceiver
ADDED from src\main\AndroidManifest.xml:292:9-301:20
	android:exported
		ADDED from src\main\AndroidManifest.xml:293:13-36
	android:name
		ADDED from src\main\AndroidManifest.xml:292:19-64
intent-filter#com.tencent.android.tpush.action.FEEDBACK+com.tencent.android.tpush.action.PUSH_MESSAGE
ADDED from src\main\AndroidManifest.xml:294:13-300:29
action#com.tencent.android.tpush.action.PUSH_MESSAGE
ADDED from src\main\AndroidManifest.xml:297:17-88
	android:name
		ADDED from src\main\AndroidManifest.xml:297:25-85
action#com.tencent.android.tpush.action.FEEDBACK
ADDED from src\main\AndroidManifest.xml:299:17-84
	android:name
		ADDED from src\main\AndroidManifest.xml:299:25-81
provider#com.tencent.android.tpush.XGPushProvider
ADDED from src\main\AndroidManifest.xml:303:9-307:15
	android:authorities
		ADDED from src\main\AndroidManifest.xml:305:13-59
	android:exported
		ADDED from src\main\AndroidManifest.xml:306:13-36
	android:name
		ADDED from src\main\AndroidManifest.xml:304:13-68
provider#com.tencent.android.tpush.SettingsContentProvider
ADDED from src\main\AndroidManifest.xml:310:9-313:40
	android:authorities
		ADDED from src\main\AndroidManifest.xml:312:13-62
	android:exported
		ADDED from src\main\AndroidManifest.xml:313:13-37
	android:name
		ADDED from src\main\AndroidManifest.xml:311:13-77
provider#com.tencent.mid.api.MidProvider
ADDED from src\main\AndroidManifest.xml:316:9-320:20
	android:authorities
		ADDED from src\main\AndroidManifest.xml:318:13-62
	android:exported
		ADDED from src\main\AndroidManifest.xml:319:13-36
	android:name
		ADDED from src\main\AndroidManifest.xml:317:13-59
meta-data#XG_V2_ACCESS_ID
ADDED from src\main\AndroidManifest.xml:328:9-330:42
	android:value
		ADDED from src\main\AndroidManifest.xml:330:13-39
	android:name
		ADDED from src\main\AndroidManifest.xml:329:13-43
meta-data#XG_V2_ACCESS_KEY
ADDED from src\main\AndroidManifest.xml:332:9-334:44
	android:value
		ADDED from src\main\AndroidManifest.xml:334:13-41
	android:name
		ADDED from src\main\AndroidManifest.xml:333:13-44
activity#com.dssm.esc.view.activity.EditIPActivity
ADDED from src\main\AndroidManifest.xml:336:9-75
	android:name
		ADDED from src\main\AndroidManifest.xml:336:19-63
activity#com.dssm.esc.view.activity.ProcessMonitoringSubMissionActivity
ADDED from src\main\AndroidManifest.xml:337:9-96
	android:name
		ADDED from src\main\AndroidManifest.xml:337:19-84